2019-05-05 23:46:56.956  INFO 3312 --- [main] lavalink.server.Launcher                 : 

[32m       .  [31m _                  _ _       _    [32m__ _ _
[32m      /\\ [31m| | __ ___   ____ _| (_)_ __ | | __[32m\ \ \ \
[32m     ( ( )[31m| |/ _` \ \ / / _` | | | '_ \| |/ /[32m \ \ \ \
[32m      \\/ [31m| | (_| |\ V / (_| | | | | | |   < [32m  ) ) ) )
[32m       '  [31m|_|\__,_| \_/ \__,_|_|_|_| |_|_|\_\[32m / / / /
[0m    =========================================[32m/_/_/_/[0m

	Version:        b0a0eca2ee66750fec199094b900b191a92074a9-SNAPSHOT
	Build:          768
	Build time:     01.04.2019 21:26:58 CEST
	Branch          master
	Commit:         b0a0eca
	Commit time:    01.04.2019 21:25:14 CEST
	JVM:            12.0.1
	Lavaplayer      1.3.10

2019-05-05 23:46:57.002  INFO 3312 --- [main] o.s.boot.SpringApplication               :        .   _                  _ _       _    __ _ _
      /\\ | | __ ___   ____ _| (_)_ __ | | __\ \ \ \
     ( ( )| |/ _` \ \ / / _` | | | '_ \| |/ / \ \ \ \
      \\/ | | (_| |\ V / (_| | | | | | |   <   ) ) ) )
       '  |_|\__,_| \_/ \__,_|_|_|_| |_|_|\_\ / / / /
    =========================================/_/_/_/

    :: Lavalink    ::       
    :: Spring Boot ::        (v2.0.4.RELEASE)


2019-05-05 23:46:57.098  INFO 3312 --- [main] lavalink.server.Launcher                 : Starting Launcher on DESKTOP-726PQBG with PID 3312 (C:\Users\stage\Desktop\Lavalink\Lavalink.jar started by stage in C:\Users\stage\Desktop\Lavalink)
2019-05-05 23:46:57.099  INFO 3312 --- [main] lavalink.server.Launcher                 : No active profile set, falling back to default profiles: default
2019-05-05 23:46:57.104  WARN 3312 --- [background-preinit] o.s.h.c.j.Jackson2ObjectMapperBuilder    : For Jackson Kotlin classes support please add "com.fasterxml.jackson.module:jackson-module-kotlin" to the classpath
2019-05-05 23:46:57.140  INFO 3312 --- [main] ConfigServletWebServerApplicationContext : Refreshing org.springframework.boot.web.servlet.context.AnnotationConfigServletWebServerApplicationContext@18a70f16: startup date [Sun May 05 23:46:57 EDT 2019]; root of context hierarchy
2019-05-05 23:46:58.471  INFO 3312 --- [main] org.xnio                                 : XNIO version 3.3.8.Final
2019-05-05 23:46:58.484  INFO 3312 --- [main] org.xnio.nio                             : XNIO NIO Implementation Version 3.3.8.Final
2019-05-05 23:46:58.573  WARN 3312 --- [main] io.undertow.websockets.jsr               : UT026009: XNIO worker was not set on WebSocketDeploymentInfo, the default worker will be used
2019-05-05 23:46:58.573  WARN 3312 --- [main] io.undertow.websockets.jsr               : UT026010: Buffer pool was not set on WebSocketDeploymentInfo, the default pool will be used
2019-05-05 23:46:58.600  INFO 3312 --- [main] io.undertow.servlet                      : Initializing Spring embedded WebApplicationContext
2019-05-05 23:46:58.600  INFO 3312 --- [main] o.s.web.context.ContextLoader            : Root WebApplicationContext: initialization completed in 1460 ms
2019-05-05 23:46:58.668  INFO 3312 --- [main] o.s.b.w.servlet.ServletRegistrationBean  : Servlet dispatcherServlet mapped to [/]
2019-05-05 23:46:58.675  INFO 3312 --- [main] o.s.b.w.servlet.FilterRegistrationBean   : Mapping filter: 'characterEncodingFilter' to: [/*]
2019-05-05 23:46:58.676  INFO 3312 --- [main] o.s.b.w.servlet.FilterRegistrationBean   : Mapping filter: 'hiddenHttpMethodFilter' to: [/*]
2019-05-05 23:46:58.676  INFO 3312 --- [main] o.s.b.w.servlet.FilterRegistrationBean   : Mapping filter: 'httpPutFormContentFilter' to: [/*]
2019-05-05 23:46:58.677  INFO 3312 --- [main] o.s.b.w.servlet.FilterRegistrationBean   : Mapping filter: 'requestContextFilter' to: [/*]
2019-05-05 23:46:58.677  INFO 3312 --- [main] o.s.b.w.servlet.FilterRegistrationBean   : Mapping filter: 'responseHeaderFilter' to: [/*]
2019-05-05 23:46:59.061  WARN 3312 --- [main] l.server.config.SentryConfiguration      : Turning off sentry
2019-05-05 23:46:59.070  INFO 3312 --- [main] l.s.c.AudioSendFactoryConfiguration      : OS: Windows 10, Arch: amd64
2019-05-05 23:46:59.070  INFO 3312 --- [main] l.s.c.AudioSendFactoryConfiguration      : JDA-NAS supported system detected. Enabled native audio sending.
2019-05-05 23:46:59.070  INFO 3312 --- [main] l.s.c.AudioSendFactoryConfiguration      : Setting buffer to 400ms
2019-05-05 23:46:59.071  INFO 3312 --- [main] l.s.c.AudioSendFactoryConfiguration      : Setting playlist load limit to 6
2019-05-05 23:46:59.633  INFO 3312 --- [main] c.s.d.l.tools.GarbageCollectionMonitor   : GC monitoring enabled, reporting results every 2 minutes.
2019-05-05 23:46:59.702  INFO 3312 --- [main] o.s.w.s.s.s.WebSocketHandlerMapping      : Root mapping to handler of type [class org.springframework.web.socket.server.support.WebSocketHttpRequestHandler]
2019-05-05 23:46:59.892  INFO 3312 --- [main] o.s.w.s.handler.SimpleUrlHandlerMapping  : Mapped URL path [/**/favicon.ico] onto handler of type [class org.springframework.web.servlet.resource.ResourceHttpRequestHandler]
2019-05-05 23:47:00.104  INFO 3312 --- [main] s.w.s.m.m.a.RequestMappingHandlerAdapter : Looking for @ControllerAdvice: org.springframework.boot.web.servlet.context.AnnotationConfigServletWebServerApplicationContext@18a70f16: startup date [Sun May 05 23:46:57 EDT 2019]; root of context hierarchy
2019-05-05 23:47:00.178  INFO 3312 --- [main] s.w.s.m.m.a.RequestMappingHandlerMapping : Mapped "{[/debug/nashorn],methods=[POST]}" onto public java.lang.String lavalink.server.util.DebugRestHandler.getLoadTracks(javax.servlet.http.HttpServletRequest,javax.servlet.http.HttpServletResponse,java.lang.String,java.lang.String)
2019-05-05 23:47:00.183  INFO 3312 --- [main] s.w.s.m.m.a.RequestMappingHandlerMapping : Mapped "{[/loadtracks],methods=[GET],produces=[application/json]}" onto public java.util.concurrent.CompletionStage<org.springframework.http.ResponseEntity<java.lang.String>> lavalink.server.player.AudioLoaderRestHandler.getLoadTracks(javax.servlet.http.HttpServletRequest,java.lang.String)
2019-05-05 23:47:00.183  INFO 3312 --- [main] s.w.s.m.m.a.RequestMappingHandlerMapping : Mapped "{[/decodetrack],methods=[GET],produces=[application/json]}" onto public org.springframework.http.ResponseEntity<java.lang.String> lavalink.server.player.AudioLoaderRestHandler.getDecodeTrack(javax.servlet.http.HttpServletRequest,java.lang.String) throws java.io.IOException
2019-05-05 23:47:00.184  INFO 3312 --- [main] s.w.s.m.m.a.RequestMappingHandlerMapping : Mapped "{[/decodetracks],methods=[POST],consumes=[application/json],produces=[application/json]}" onto public org.springframework.http.ResponseEntity<java.lang.String> lavalink.server.player.AudioLoaderRestHandler.postDecodeTracks(javax.servlet.http.HttpServletRequest,java.lang.String) throws java.io.IOException
2019-05-05 23:47:00.186  INFO 3312 --- [main] s.w.s.m.m.a.RequestMappingHandlerMapping : Mapped "{[/error]}" onto public org.springframework.http.ResponseEntity<java.util.Map<java.lang.String, java.lang.Object>> org.springframework.boot.autoconfigure.web.servlet.error.BasicErrorController.error(javax.servlet.http.HttpServletRequest)
2019-05-05 23:47:00.188  INFO 3312 --- [main] s.w.s.m.m.a.RequestMappingHandlerMapping : Mapped "{[/error],produces=[text/html]}" onto public org.springframework.web.servlet.ModelAndView org.springframework.boot.autoconfigure.web.servlet.error.BasicErrorController.errorHtml(javax.servlet.http.HttpServletRequest,javax.servlet.http.HttpServletResponse)
2019-05-05 23:47:00.217  INFO 3312 --- [main] o.s.w.s.handler.SimpleUrlHandlerMapping  : Mapped URL path [/webjars/**] onto handler of type [class org.springframework.web.servlet.resource.ResourceHttpRequestHandler]
2019-05-05 23:47:00.218  INFO 3312 --- [main] o.s.w.s.handler.SimpleUrlHandlerMapping  : Mapped URL path [/**] onto handler of type [class org.springframework.web.servlet.resource.ResourceHttpRequestHandler]
2019-05-05 23:47:00.443  INFO 3312 --- [main] o.s.j.e.a.AnnotationMBeanExporter        : Registering beans for JMX exposure on startup
2019-05-05 23:47:00.451  INFO 3312 --- [main] o.s.c.support.DefaultLifecycleProcessor  : Starting beans in phase 2147483647
2019-05-05 23:47:00.499  INFO 3312 --- [main] o.s.b.w.e.u.UndertowServletWebServer     : Undertow started on port(s) 2333 (http) with context path ''
2019-05-05 23:47:00.503  INFO 3312 --- [main] lavalink.server.Launcher                 : Started Launcher in 3.974 seconds (JVM running for 4.527)
2019-05-05 23:47:50.533  INFO 3312 --- [XNIO-2 task-1] io.undertow.servlet                      : Initializing Spring FrameworkServlet 'dispatcherServlet'
2019-05-05 23:47:50.534  INFO 3312 --- [XNIO-2 task-1] o.s.web.servlet.DispatcherServlet        : FrameworkServlet 'dispatcherServlet': initialization started
2019-05-05 23:47:50.546  INFO 3312 --- [XNIO-2 task-1] o.s.web.servlet.DispatcherServlet        : FrameworkServlet 'dispatcherServlet': initialization completed in 11 ms
2019-05-05 23:47:50.567  INFO 3312 --- [XNIO-2 task-1] l.server.io.HandshakeInterceptorImpl     : Incoming connection from /127.0.0.1:52750
2019-05-05 23:47:50.618  INFO 3312 --- [XNIO-2 task-1] c.s.d.l.tools.GarbageCollectionMonitor   : GC monitoring enabled, reporting results every 2 minutes.
2019-05-05 23:47:50.678  INFO 3312 --- [XNIO-2 task-1] lavalink.server.io.SocketServer          : Connection successfully established from /127.0.0.1:52750
2019-05-05 23:48:13.587  INFO 3312 --- [XNIO-2 I/O-10] lavalink.server.io.SocketServer          : Connection closed from /127.0.0.1:52750 -- CloseStatus[code=1006, reason=]
2019-05-05 23:48:13.589  INFO 3312 --- [XNIO-2 I/O-10] lavalink.server.io.SocketContext         : Shutting down 0 playing players.
2019-05-05 23:48:13.590  INFO 3312 --- [XNIO-2 I/O-10] c.s.d.l.tools.GarbageCollectionMonitor   : GC monitoring disabled.
2019-05-05 23:48:22.294  INFO 3312 --- [XNIO-2 task-2] l.server.io.HandshakeInterceptorImpl     : Incoming connection from /127.0.0.1:52779
2019-05-05 23:48:22.297  INFO 3312 --- [XNIO-2 task-2] c.s.d.l.tools.GarbageCollectionMonitor   : GC monitoring enabled, reporting results every 2 minutes.
2019-05-05 23:48:22.302  INFO 3312 --- [XNIO-2 task-2] lavalink.server.io.SocketServer          : Connection successfully established from /127.0.0.1:52779
2019-05-05 23:48:25.598  INFO 3312 --- [XNIO-2 I/O-3] lavalink.server.io.SocketServer          : {"sessionId":"34e6ddbba8bb16b4735bb4be0585b9d1","event":{"token":"1625dcded8e06229","guildid":"407648193392803851","endpoint":"us-east702.discord.gg:80"},"guildId":"407648193392803851","op":"voiceUpdate"}
2019-05-05 23:49:05.961  INFO 3312 --- [XNIO-2 I/O-3] lavalink.server.io.SocketServer          : Connection closed from /127.0.0.1:52779 -- CloseStatus[code=1006, reason=]
2019-05-05 23:49:05.962  INFO 3312 --- [XNIO-2 I/O-3] lavalink.server.io.SocketContext         : Shutting down 0 playing players.
2019-05-05 23:49:05.964  INFO 3312 --- [XNIO-2 I/O-3] c.s.d.l.tools.GarbageCollectionMonitor   : GC monitoring disabled.
2019-05-05 23:49:06.002  INFO 3312 --- [parallel-5] s.n.magma.connections.AudioWebSocket     : Websocket to wss://us-east702.discord.gg/?v=4 closed with code 1000 and reason 
2019-05-05 23:49:06.004  WARN 3312 --- [parallel-5] s.n.magma.connections.AudioWebSocket     : Connection closed due to [1000 HEARTBEAT_TIMEOUT] . This could indicate an issue with the magma library or your usage of it. Please get in touch. https://github.com/napstr/Magma/issues
2019-05-05 23:49:06.004  INFO 3312 --- [parallel-5] s.n.magma.connections.AudioWebSocket     : Resuming
2019-05-05 23:50:37.201  INFO 3312 --- [XNIO-2 task-3] l.server.io.HandshakeInterceptorImpl     : Incoming connection from /127.0.0.1:52879
2019-05-05 23:50:37.205  INFO 3312 --- [XNIO-2 task-3] c.s.d.l.tools.GarbageCollectionMonitor   : GC monitoring enabled, reporting results every 2 minutes.
2019-05-05 23:50:37.210  INFO 3312 --- [XNIO-2 task-3] lavalink.server.io.SocketServer          : Connection successfully established from /127.0.0.1:52879
2019-05-05 23:50:56.831  INFO 3312 --- [XNIO-2 I/O-7] lavalink.server.io.SocketServer          : {"sessionId":"9b48152d0981b10ffaab645cc49fe903","event":{"token":"db46423eb9818783","guildid":"407648193392803851","endpoint":"us-east702.discord.gg:80"},"guildId":"407648193392803851","op":"voiceUpdate"}
2019-05-05 23:51:00.104  INFO 3312 --- [XNIO-2 I/O-7] lavalink.server.io.SocketServer          : Connection closed from /127.0.0.1:52879 -- CloseStatus[code=1006, reason=]
2019-05-05 23:51:00.105  INFO 3312 --- [XNIO-2 I/O-7] lavalink.server.io.SocketContext         : Shutting down 0 playing players.
2019-05-05 23:51:00.107  INFO 3312 --- [XNIO-2 I/O-7] c.s.d.l.tools.GarbageCollectionMonitor   : GC monitoring disabled.
2019-05-05 23:51:00.138  INFO 3312 --- [parallel-3] s.n.magma.connections.AudioWebSocket     : Websocket to wss://us-east702.discord.gg/?v=4 closed with code 1000 and reason 
2019-05-05 23:51:00.140  WARN 3312 --- [parallel-3] s.n.magma.connections.AudioWebSocket     : Connection closed due to [1000 HEARTBEAT_TIMEOUT] . This could indicate an issue with the magma library or your usage of it. Please get in touch. https://github.com/napstr/Magma/issues
2019-05-05 23:51:00.140  INFO 3312 --- [parallel-3] s.n.magma.connections.AudioWebSocket     : Resuming
2019-05-05 23:51:10.691  INFO 3312 --- [XNIO-2 task-4] l.server.io.HandshakeInterceptorImpl     : Incoming connection from /127.0.0.1:52912
2019-05-05 23:51:10.694  INFO 3312 --- [XNIO-2 task-4] c.s.d.l.tools.GarbageCollectionMonitor   : GC monitoring enabled, reporting results every 2 minutes.
2019-05-05 23:51:10.697  INFO 3312 --- [XNIO-2 task-4] lavalink.server.io.SocketServer          : Connection successfully established from /127.0.0.1:52912
2019-05-05 23:51:39.875  INFO 3312 --- [XNIO-2 I/O-4] lavalink.server.io.SocketServer          : Connection closed from /127.0.0.1:52912 -- CloseStatus[code=1006, reason=]
2019-05-05 23:51:39.876  INFO 3312 --- [XNIO-2 I/O-4] lavalink.server.io.SocketContext         : Shutting down 0 playing players.
2019-05-05 23:51:39.877  INFO 3312 --- [XNIO-2 I/O-4] c.s.d.l.tools.GarbageCollectionMonitor   : GC monitoring disabled.
2019-05-05 23:51:48.573  INFO 3312 --- [XNIO-2 task-5] l.server.io.HandshakeInterceptorImpl     : Incoming connection from /127.0.0.1:52943
2019-05-05 23:51:48.576  INFO 3312 --- [XNIO-2 task-5] c.s.d.l.tools.GarbageCollectionMonitor   : GC monitoring enabled, reporting results every 2 minutes.
2019-05-05 23:51:48.580  INFO 3312 --- [XNIO-2 task-5] lavalink.server.io.SocketServer          : Connection successfully established from /127.0.0.1:52943
2019-05-05 23:51:54.107  INFO 3312 --- [XNIO-2 task-6] l.server.player.AudioLoaderRestHandler   : GET /loadtracks
2019-05-05 23:51:54.816  INFO 3312 --- [lava-daemon-pool-info-loader-2-thread-1] lavalink.server.player.AudioLoader       : Loaded playlist Search results for: hatsune miku rubik's cube
2019-05-05 23:51:54.859  INFO 3312 --- [XNIO-2 I/O-11] lavalink.server.io.SocketServer          : {"track":"QAAAgQIAG0hhdHN1bmUgTWlrdSAtIFJ1YmlrJ3MgQ3ViZQAMc2hpbmluZ3NvdWw2AAAAAAADFRAAC0tPSlRLMFcxQ3pBAAEAK2h0dHBzOi8vd3d3LnlvdXR1YmUuY29tL3dhdGNoP3Y9S09KVEswVzFDekEAB3lvdXR1YmUAAAAAAAAAAA==","startTime":0,"endTime":0,"noReplace":false,"guildId":"407648193392803851","op":"play"}
2019-05-05 23:51:55.426  INFO 3312 --- [XNIO-2 I/O-11] lavalink.server.io.SocketServer          : {"sessionId":"573349bbfd0e305a343592e5f509142c","event":{"token":"db46423eb9818783","guildid":"407648193392803851","endpoint":"us-east702.discord.gg:80"},"guildId":"407648193392803851","op":"voiceUpdate"}
2019-05-05 23:53:47.037  INFO 3312 --- [XNIO-2 I/O-11] lavalink.server.io.SocketServer          : Connection closed from /127.0.0.1:52943 -- CloseStatus[code=1006, reason=]
2019-05-05 23:53:47.039  INFO 3312 --- [XNIO-2 I/O-11] lavalink.server.io.SocketContext         : Shutting down 1 playing players.
2019-05-05 23:53:47.039  INFO 3312 --- [XNIO-2 I/O-11] c.s.d.l.tools.GarbageCollectionMonitor   : GC monitoring disabled.
2019-05-05 23:53:47.048  WARN 3312 --- [lava-daemon-pool-playback-21-thread-1] c.s.d.l.t.p.LocalAudioTrackExecutor      : Suspicious exception for playback of KOJTK0W1CzA

com.sedmelluq.discord.lavaplayer.tools.FriendlyException: The track was unexpectedly terminated.
	at com.sedmelluq.discord.lavaplayer.track.playback.LocalAudioTrackExecutor.handlePlaybackInterrupt(LocalAudioTrackExecutor.java:323) ~[lavaplayer-1.3.10.jar!/:na]
	at com.sedmelluq.discord.lavaplayer.track.playback.LocalAudioTrackExecutor.executeProcessingLoop(LocalAudioTrackExecutor.java:267) ~[lavaplayer-1.3.10.jar!/:na]
	at com.sedmelluq.discord.lavaplayer.container.matroska.MatroskaAudioTrack.process(MatroskaAudioTrack.java:38) ~[lavaplayer-1.3.10.jar!/:na]
	at com.sedmelluq.discord.lavaplayer.track.DelegatedAudioTrack.processDelegate(DelegatedAudioTrack.java:27) ~[lavaplayer-1.3.10.jar!/:na]
	at com.sedmelluq.discord.lavaplayer.source.youtube.YoutubeAudioTrack.processStatic(YoutubeAudioTrack.java:75) ~[lavaplayer-1.3.10.jar!/:na]
	at com.sedmelluq.discord.lavaplayer.source.youtube.YoutubeAudioTrack.process(YoutubeAudioTrack.java:67) ~[lavaplayer-1.3.10.jar!/:na]
	at com.sedmelluq.discord.lavaplayer.track.playback.LocalAudioTrackExecutor.execute(LocalAudioTrackExecutor.java:90) ~[lavaplayer-1.3.10.jar!/:na]
	at com.sedmelluq.discord.lavaplayer.player.DefaultAudioPlayerManager.lambda$executeTrack$1(DefaultAudioPlayerManager.java:349) ~[lavaplayer-1.3.10.jar!/:na]
	at java.base/java.util.concurrent.ThreadPoolExecutor.runWorker(ThreadPoolExecutor.java:1128) ~[na:na]
	at java.base/java.util.concurrent.ThreadPoolExecutor$Worker.run(ThreadPoolExecutor.java:628) ~[na:na]
	at java.base/java.lang.Thread.run(Thread.java:835) ~[na:na]
Caused by: java.lang.InterruptedException: null
	at java.base/java.util.concurrent.locks.AbstractQueuedSynchronizer$ConditionObject.reportInterruptAfterWait(AbstractQueuedSynchronizer.java:2056) ~[na:na]
	at java.base/java.util.concurrent.locks.AbstractQueuedSynchronizer$ConditionObject.await(AbstractQueuedSynchronizer.java:2090) ~[na:na]
	at java.base/java.util.concurrent.ArrayBlockingQueue.put(ArrayBlockingQueue.java:367) ~[na:na]
	at com.sedmelluq.discord.lavaplayer.track.playback.AllocatingAudioFrameBuffer.consume(AllocatingAudioFrameBuffer.java:173) ~[lavaplayer-1.3.10.jar!/:na]
	at com.sedmelluq.discord.lavaplayer.container.common.OpusPacketRouter.passThrough(OpusPacketRouter.java:166) ~[lavaplayer-1.3.10.jar!/:na]
	at com.sedmelluq.discord.lavaplayer.container.common.OpusPacketRouter.process(OpusPacketRouter.java:96) ~[lavaplayer-1.3.10.jar!/:na]
	at com.sedmelluq.discord.lavaplayer.container.matroska.MatroskaOpusTrackConsumer.consume(MatroskaOpusTrackConsumer.java:47) ~[lavaplayer-1.3.10.jar!/:na]
	at com.sedmelluq.discord.lavaplayer.container.matroska.MatroskaStreamingFile.processFrameInBlock(MatroskaStreamingFile.java:372) ~[lavaplayer-1.3.10.jar!/:na]
	at com.sedmelluq.discord.lavaplayer.container.matroska.MatroskaStreamingFile.parseClusterSimpleBlock(MatroskaStreamingFile.java:336) ~[lavaplayer-1.3.10.jar!/:na]
	at com.sedmelluq.discord.lavaplayer.container.matroska.MatroskaStreamingFile.parseNextCluster(MatroskaStreamingFile.java:321) ~[lavaplayer-1.3.10.jar!/:na]
	at com.sedmelluq.discord.lavaplayer.container.matroska.MatroskaStreamingFile.provideFrames(MatroskaStreamingFile.java:297) ~[lavaplayer-1.3.10.jar!/:na]
	at com.sedmelluq.discord.lavaplayer.container.matroska.MatroskaAudioTrack.lambda$process$0(MatroskaAudioTrack.java:39) ~[lavaplayer-1.3.10.jar!/:na]
	at com.sedmelluq.discord.lavaplayer.track.playback.LocalAudioTrackExecutor.executeProcessingLoop(LocalAudioTrackExecutor.java:257) ~[lavaplayer-1.3.10.jar!/:na]
	... 9 common frames omitted

2019-05-05 23:53:47.096  INFO 3312 --- [parallel-2] s.n.magma.connections.AudioWebSocket     : Websocket to wss://us-east702.discord.gg/?v=4 closed with code 1000 and reason 
2019-05-05 23:53:47.097  WARN 3312 --- [parallel-2] s.n.magma.connections.AudioWebSocket     : Connection closed due to [1000 HEARTBEAT_TIMEOUT] . This could indicate an issue with the magma library or your usage of it. Please get in touch. https://github.com/napstr/Magma/issues
2019-05-05 23:53:47.097  INFO 3312 --- [parallel-2] s.n.magma.connections.AudioWebSocket     : Resuming
2019-05-05 23:56:24.771  INFO 3312 --- [XNIO-2 task-8] l.server.io.HandshakeInterceptorImpl     : Incoming connection from /127.0.0.1:53164
2019-05-05 23:56:24.775  INFO 3312 --- [XNIO-2 task-8] c.s.d.l.tools.GarbageCollectionMonitor   : GC monitoring enabled, reporting results every 2 minutes.
2019-05-05 23:56:24.781  INFO 3312 --- [XNIO-2 task-8] lavalink.server.io.SocketServer          : Connection successfully established from /127.0.0.1:53164
2019-05-05 23:56:32.180  INFO 3312 --- [XNIO-2 task-9] l.server.player.AudioLoaderRestHandler   : GET /loadtracks
2019-05-05 23:56:32.721  INFO 3312 --- [lava-daemon-pool-info-loader-2-thread-1] lavalink.server.player.AudioLoader       : Loaded playlist Search results for: lime smiling
2019-05-05 23:56:32.753  INFO 3312 --- [XNIO-2 I/O-4] lavalink.server.io.SocketServer          : {"track":"QAAAiAIAKuarn+S6leWUryBhLmsuYSBMaW1lIC0gU21pbGluZyAobG9uZyB2ZXIuKQAERW1jbwAAAAAABcCoAAtuLXUtLTNFaFg3UQABACtodHRwczovL3d3dy55b3V0dWJlLmNvbS93YXRjaD92PW4tdS0tM0VoWDdRAAd5b3V0dWJlAAAAAAAAAAA=","startTime":0,"endTime":0,"noReplace":false,"guildId":"407648193392803851","op":"play"}
2019-05-05 23:56:33.048  INFO 3312 --- [XNIO-2 I/O-4] lavalink.server.io.SocketServer          : {"sessionId":"7ed71b064ff707256c935db201958841","event":{"token":"8357a2f168329afa","guildid":"407648193392803851","endpoint":"us-east702.discord.gg:80"},"guildId":"407648193392803851","op":"voiceUpdate"}
2019-05-05 23:56:44.349  INFO 3312 --- [XNIO-2 task-11] l.server.player.AudioLoaderRestHandler   : GET /loadtracks
2019-05-05 23:56:44.834  INFO 3312 --- [lava-daemon-pool-info-loader-2-thread-1] lavalink.server.player.AudioLoader       : Loaded playlist Search results for: lime smiling sped up version
2019-05-05 23:56:55.347  INFO 3312 --- [XNIO-2 I/O-4] lavalink.server.io.SocketServer          : Connection closed from /127.0.0.1:53164 -- CloseStatus[code=1006, reason=]
2019-05-05 23:56:55.349  INFO 3312 --- [XNIO-2 I/O-4] lavalink.server.io.SocketContext         : Shutting down 1 playing players.
2019-05-05 23:56:55.352  INFO 3312 --- [XNIO-2 I/O-4] c.s.d.l.tools.GarbageCollectionMonitor   : GC monitoring disabled.
2019-05-05 23:56:55.355  WARN 3312 --- [lava-daemon-pool-playback-26-thread-1] c.s.d.l.t.p.LocalAudioTrackExecutor      : Suspicious exception for playback of n-u--3EhX7Q

com.sedmelluq.discord.lavaplayer.tools.FriendlyException: The track was unexpectedly terminated.
	at com.sedmelluq.discord.lavaplayer.track.playback.LocalAudioTrackExecutor.handlePlaybackInterrupt(LocalAudioTrackExecutor.java:323) ~[lavaplayer-1.3.10.jar!/:na]
	at com.sedmelluq.discord.lavaplayer.track.playback.LocalAudioTrackExecutor.executeProcessingLoop(LocalAudioTrackExecutor.java:267) ~[lavaplayer-1.3.10.jar!/:na]
	at com.sedmelluq.discord.lavaplayer.container.matroska.MatroskaAudioTrack.process(MatroskaAudioTrack.java:38) ~[lavaplayer-1.3.10.jar!/:na]
	at com.sedmelluq.discord.lavaplayer.track.DelegatedAudioTrack.processDelegate(DelegatedAudioTrack.java:27) ~[lavaplayer-1.3.10.jar!/:na]
	at com.sedmelluq.discord.lavaplayer.source.youtube.YoutubeAudioTrack.processStatic(YoutubeAudioTrack.java:75) ~[lavaplayer-1.3.10.jar!/:na]
	at com.sedmelluq.discord.lavaplayer.source.youtube.YoutubeAudioTrack.process(YoutubeAudioTrack.java:67) ~[lavaplayer-1.3.10.jar!/:na]
	at com.sedmelluq.discord.lavaplayer.track.playback.LocalAudioTrackExecutor.execute(LocalAudioTrackExecutor.java:90) ~[lavaplayer-1.3.10.jar!/:na]
	at com.sedmelluq.discord.lavaplayer.player.DefaultAudioPlayerManager.lambda$executeTrack$1(DefaultAudioPlayerManager.java:349) ~[lavaplayer-1.3.10.jar!/:na]
	at java.base/java.util.concurrent.ThreadPoolExecutor.runWorker(ThreadPoolExecutor.java:1128) ~[na:na]
	at java.base/java.util.concurrent.ThreadPoolExecutor$Worker.run(ThreadPoolExecutor.java:628) ~[na:na]
	at java.base/java.lang.Thread.run(Thread.java:835) ~[na:na]
Caused by: java.lang.InterruptedException: null
	at java.base/java.util.concurrent.locks.AbstractQueuedSynchronizer$ConditionObject.reportInterruptAfterWait(AbstractQueuedSynchronizer.java:2056) ~[na:na]
	at java.base/java.util.concurrent.locks.AbstractQueuedSynchronizer$ConditionObject.await(AbstractQueuedSynchronizer.java:2090) ~[na:na]
	at java.base/java.util.concurrent.ArrayBlockingQueue.put(ArrayBlockingQueue.java:367) ~[na:na]
	at com.sedmelluq.discord.lavaplayer.track.playback.AllocatingAudioFrameBuffer.consume(AllocatingAudioFrameBuffer.java:173) ~[lavaplayer-1.3.10.jar!/:na]
	at com.sedmelluq.discord.lavaplayer.container.common.OpusPacketRouter.passThrough(OpusPacketRouter.java:166) ~[lavaplayer-1.3.10.jar!/:na]
	at com.sedmelluq.discord.lavaplayer.container.common.OpusPacketRouter.process(OpusPacketRouter.java:96) ~[lavaplayer-1.3.10.jar!/:na]
	at com.sedmelluq.discord.lavaplayer.container.matroska.MatroskaOpusTrackConsumer.consume(MatroskaOpusTrackConsumer.java:47) ~[lavaplayer-1.3.10.jar!/:na]
	at com.sedmelluq.discord.lavaplayer.container.matroska.MatroskaStreamingFile.processFrameInBlock(MatroskaStreamingFile.java:372) ~[lavaplayer-1.3.10.jar!/:na]
	at com.sedmelluq.discord.lavaplayer.container.matroska.MatroskaStreamingFile.parseClusterSimpleBlock(MatroskaStreamingFile.java:336) ~[lavaplayer-1.3.10.jar!/:na]
	at com.sedmelluq.discord.lavaplayer.container.matroska.MatroskaStreamingFile.parseNextCluster(MatroskaStreamingFile.java:321) ~[lavaplayer-1.3.10.jar!/:na]
	at com.sedmelluq.discord.lavaplayer.container.matroska.MatroskaStreamingFile.provideFrames(MatroskaStreamingFile.java:297) ~[lavaplayer-1.3.10.jar!/:na]
	at com.sedmelluq.discord.lavaplayer.container.matroska.MatroskaAudioTrack.lambda$process$0(MatroskaAudioTrack.java:39) ~[lavaplayer-1.3.10.jar!/:na]
	at com.sedmelluq.discord.lavaplayer.track.playback.LocalAudioTrackExecutor.executeProcessingLoop(LocalAudioTrackExecutor.java:257) ~[lavaplayer-1.3.10.jar!/:na]
	... 9 common frames omitted

2019-05-05 23:56:55.397  INFO 3312 --- [parallel-11] s.n.magma.connections.AudioWebSocket     : Websocket to wss://us-east702.discord.gg/?v=4 closed with code 1000 and reason 
2019-05-05 23:56:55.398  WARN 3312 --- [parallel-11] s.n.magma.connections.AudioWebSocket     : Connection closed due to [1000 HEARTBEAT_TIMEOUT] . This could indicate an issue with the magma library or your usage of it. Please get in touch. https://github.com/napstr/Magma/issues
2019-05-05 23:56:55.398  INFO 3312 --- [parallel-11] s.n.magma.connections.AudioWebSocket     : Resuming
2019-05-05 23:57:03.404  INFO 3312 --- [XNIO-2 task-13] l.server.io.HandshakeInterceptorImpl     : Incoming connection from /127.0.0.1:53221
2019-05-05 23:57:03.407  INFO 3312 --- [XNIO-2 task-13] c.s.d.l.tools.GarbageCollectionMonitor   : GC monitoring enabled, reporting results every 2 minutes.
2019-05-05 23:57:03.412  INFO 3312 --- [XNIO-2 task-13] lavalink.server.io.SocketServer          : Connection successfully established from /127.0.0.1:53221
2019-05-05 23:57:08.465  INFO 3312 --- [XNIO-2 task-14] l.server.player.AudioLoaderRestHandler   : GET /loadtracks
2019-05-05 23:57:08.892  INFO 3312 --- [lava-daemon-pool-info-loader-2-thread-1] lavalink.server.player.AudioLoader       : Loaded playlist Search results for: lime smiling speed up ver
2019-05-05 23:57:08.922  INFO 3312 --- [XNIO-2 I/O-1] lavalink.server.io.SocketServer          : {"track":"QAAAfAIAHkxpbWUgLSBTbWlsaW5nIChTcGVlZCBVcCBWZXIuKQAETGV2aQAAAAAABP1YAAtGOXFOaHdHbTNFSQABACtodHRwczovL3d3dy55b3V0dWJlLmNvbS93YXRjaD92PUY5cU5od0dtM0VJAAd5b3V0dWJlAAAAAAAAAAA=","startTime":0,"endTime":0,"noReplace":false,"guildId":"407648193392803851","op":"play"}
2019-05-05 23:57:09.184  INFO 3312 --- [XNIO-2 I/O-1] lavalink.server.io.SocketServer          : {"sessionId":"44c7cba4323e64a43055441e530ce322","event":{"token":"8357a2f168329afa","guildid":"407648193392803851","endpoint":"us-east702.discord.gg:80"},"guildId":"407648193392803851","op":"voiceUpdate"}
2019-05-05 23:59:03.466  INFO 3312 --- [XNIO-2 I/O-1] lavalink.server.io.SocketServer          : Connection closed from /127.0.0.1:53221 -- CloseStatus[code=1006, reason=]
2019-05-05 23:59:03.467  INFO 3312 --- [XNIO-2 I/O-1] lavalink.server.io.SocketContext         : Shutting down 1 playing players.
2019-05-05 23:59:03.468  INFO 3312 --- [XNIO-2 I/O-1] c.s.d.l.tools.GarbageCollectionMonitor   : GC monitoring disabled.
2019-05-05 23:59:03.470  WARN 3312 --- [lava-daemon-pool-playback-31-thread-1] c.s.d.l.t.p.LocalAudioTrackExecutor      : Suspicious exception for playback of F9qNhwGm3EI

com.sedmelluq.discord.lavaplayer.tools.FriendlyException: The track was unexpectedly terminated.
	at com.sedmelluq.discord.lavaplayer.track.playback.LocalAudioTrackExecutor.handlePlaybackInterrupt(LocalAudioTrackExecutor.java:323) ~[lavaplayer-1.3.10.jar!/:na]
	at com.sedmelluq.discord.lavaplayer.track.playback.LocalAudioTrackExecutor.executeProcessingLoop(LocalAudioTrackExecutor.java:267) ~[lavaplayer-1.3.10.jar!/:na]
	at com.sedmelluq.discord.lavaplayer.container.matroska.MatroskaAudioTrack.process(MatroskaAudioTrack.java:38) ~[lavaplayer-1.3.10.jar!/:na]
	at com.sedmelluq.discord.lavaplayer.track.DelegatedAudioTrack.processDelegate(DelegatedAudioTrack.java:27) ~[lavaplayer-1.3.10.jar!/:na]
	at com.sedmelluq.discord.lavaplayer.source.youtube.YoutubeAudioTrack.processStatic(YoutubeAudioTrack.java:75) ~[lavaplayer-1.3.10.jar!/:na]
	at com.sedmelluq.discord.lavaplayer.source.youtube.YoutubeAudioTrack.process(YoutubeAudioTrack.java:67) ~[lavaplayer-1.3.10.jar!/:na]
	at com.sedmelluq.discord.lavaplayer.track.playback.LocalAudioTrackExecutor.execute(LocalAudioTrackExecutor.java:90) ~[lavaplayer-1.3.10.jar!/:na]
	at com.sedmelluq.discord.lavaplayer.player.DefaultAudioPlayerManager.lambda$executeTrack$1(DefaultAudioPlayerManager.java:349) ~[lavaplayer-1.3.10.jar!/:na]
	at java.base/java.util.concurrent.ThreadPoolExecutor.runWorker(ThreadPoolExecutor.java:1128) ~[na:na]
	at java.base/java.util.concurrent.ThreadPoolExecutor$Worker.run(ThreadPoolExecutor.java:628) ~[na:na]
	at java.base/java.lang.Thread.run(Thread.java:835) ~[na:na]
Caused by: java.lang.InterruptedException: null
	at java.base/java.util.concurrent.locks.AbstractQueuedSynchronizer$ConditionObject.reportInterruptAfterWait(AbstractQueuedSynchronizer.java:2056) ~[na:na]
	at java.base/java.util.concurrent.locks.AbstractQueuedSynchronizer$ConditionObject.await(AbstractQueuedSynchronizer.java:2090) ~[na:na]
	at java.base/java.util.concurrent.ArrayBlockingQueue.put(ArrayBlockingQueue.java:367) ~[na:na]
	at com.sedmelluq.discord.lavaplayer.track.playback.AllocatingAudioFrameBuffer.consume(AllocatingAudioFrameBuffer.java:173) ~[lavaplayer-1.3.10.jar!/:na]
	at com.sedmelluq.discord.lavaplayer.container.common.OpusPacketRouter.passThrough(OpusPacketRouter.java:166) ~[lavaplayer-1.3.10.jar!/:na]
	at com.sedmelluq.discord.lavaplayer.container.common.OpusPacketRouter.process(OpusPacketRouter.java:96) ~[lavaplayer-1.3.10.jar!/:na]
	at com.sedmelluq.discord.lavaplayer.container.matroska.MatroskaOpusTrackConsumer.consume(MatroskaOpusTrackConsumer.java:47) ~[lavaplayer-1.3.10.jar!/:na]
	at com.sedmelluq.discord.lavaplayer.container.matroska.MatroskaStreamingFile.processFrameInBlock(MatroskaStreamingFile.java:372) ~[lavaplayer-1.3.10.jar!/:na]
	at com.sedmelluq.discord.lavaplayer.container.matroska.MatroskaStreamingFile.parseClusterSimpleBlock(MatroskaStreamingFile.java:336) ~[lavaplayer-1.3.10.jar!/:na]
	at com.sedmelluq.discord.lavaplayer.container.matroska.MatroskaStreamingFile.parseNextCluster(MatroskaStreamingFile.java:321) ~[lavaplayer-1.3.10.jar!/:na]
	at com.sedmelluq.discord.lavaplayer.container.matroska.MatroskaStreamingFile.provideFrames(MatroskaStreamingFile.java:297) ~[lavaplayer-1.3.10.jar!/:na]
	at com.sedmelluq.discord.lavaplayer.container.matroska.MatroskaAudioTrack.lambda$process$0(MatroskaAudioTrack.java:39) ~[lavaplayer-1.3.10.jar!/:na]
	at com.sedmelluq.discord.lavaplayer.track.playback.LocalAudioTrackExecutor.executeProcessingLoop(LocalAudioTrackExecutor.java:257) ~[lavaplayer-1.3.10.jar!/:na]
	... 9 common frames omitted

2019-05-05 23:59:03.498  INFO 3312 --- [parallel-12] s.n.magma.connections.AudioWebSocket     : Websocket to wss://us-east702.discord.gg/?v=4 closed with code 1000 and reason 
2019-05-05 23:59:03.499  WARN 3312 --- [parallel-12] s.n.magma.connections.AudioWebSocket     : Connection closed due to [1000 HEARTBEAT_TIMEOUT] . This could indicate an issue with the magma library or your usage of it. Please get in touch. https://github.com/napstr/Magma/issues
2019-05-05 23:59:03.499  INFO 3312 --- [parallel-12] s.n.magma.connections.AudioWebSocket     : Resuming
2019-05-05 23:59:04.982  INFO 3312 --- [XNIO-2 task-16] l.server.io.HandshakeInterceptorImpl     : Incoming connection from /127.0.0.1:53325
2019-05-05 23:59:04.984  INFO 3312 --- [XNIO-2 task-16] c.s.d.l.tools.GarbageCollectionMonitor   : GC monitoring enabled, reporting results every 2 minutes.
2019-05-05 23:59:04.987  INFO 3312 --- [XNIO-2 task-16] lavalink.server.io.SocketServer          : Connection successfully established from /127.0.0.1:53325
2019-05-05 23:59:06.798  INFO 3312 --- [XNIO-2 I/O-9] lavalink.server.io.SocketServer          : Connection closed from /127.0.0.1:53325 -- CloseStatus[code=1006, reason=]
2019-05-05 23:59:06.800  INFO 3312 --- [XNIO-2 I/O-9] lavalink.server.io.SocketContext         : Shutting down 0 playing players.
2019-05-05 23:59:06.802  INFO 3312 --- [XNIO-2 I/O-9] c.s.d.l.tools.GarbageCollectionMonitor   : GC monitoring disabled.
